--------------------------------------------------------------------------------
Release 14.6 Trace  (nt64)
Copyright (c) 1995-2013 Xilinx, Inc.  All rights reserved.

C:\Xilinx\14.6\ISE_DS\ISE\bin\nt64\unwrapped\trce.exe -intstyle ise -v 3 -s 3
-n 3 -fastpaths -xml locker.twx locker.ncd -o locker.twr locker.pcf -ucf
Nexys3.ucf

Design file:              locker.ncd
Physical constraint file: locker.pcf
Device,package,speed:     xc6slx16,csg324,C,-3 (PRODUCTION 1.23 2013-06-08)
Report level:             verbose report

Environment Variable      Effect 
--------------------      ------ 
NONE                      No environment variables were set
--------------------------------------------------------------------------------

INFO:Timing:2698 - No timing constraints found, doing default enumeration.
INFO:Timing:3412 - To improve timing, see the Timing Closure User Guide (UG612).
INFO:Timing:2752 - To get complete path coverage, use the unconstrained paths 
   option. All paths that are not constrained will be reported in the 
   unconstrained paths section(s) of the report.
INFO:Timing:3339 - The clock-to-out numbers in this timing report are based on 
   a 50 Ohm transmission line loading model.  For the details of this model, 
   and for more information on accounting for different loading conditions, 
   please see the device datasheet.



Data Sheet report:
-----------------
All values displayed in nanoseconds (ns)

Setup/Hold to clock clk
------------+------------+------------+------------+------------+------------------+--------+
            |Max Setup to|  Process   |Max Hold to |  Process   |                  | Clock  |
Source      | clk (edge) |   Corner   | clk (edge) |   Corner   |Internal Clock(s) | Phase  |
------------+------------+------------+------------+------------+------------------+--------+
Row<0>      |    3.548(R)|      SLOW  |   -0.885(R)|      FAST  |clk_BUFGP         |   0.000|
Row<1>      |    3.560(R)|      SLOW  |   -0.969(R)|      FAST  |clk_BUFGP         |   0.000|
Row<2>      |    4.023(R)|      SLOW  |   -0.976(R)|      FAST  |clk_BUFGP         |   0.000|
Row<3>      |    3.647(R)|      SLOW  |   -0.995(R)|      FAST  |clk_BUFGP         |   0.000|
------------+------------+------------+------------+------------+------------------+--------+

Clock clk to Pad
------------+-----------------+------------+-----------------+------------+------------------+--------+
            |Max (slowest) clk|  Process   |Min (fastest) clk|  Process   |                  | Clock  |
Destination |  (edge) to PAD  |   Corner   |  (edge) to PAD  |   Corner   |Internal Clock(s) | Phase  |
------------+-----------------+------------+-----------------+------------+------------------+--------+
Col<0>      |         7.678(R)|      SLOW  |         4.269(R)|      FAST  |clk_BUFGP         |   0.000|
Col<1>      |         7.661(R)|      SLOW  |         4.257(R)|      FAST  |clk_BUFGP         |   0.000|
Col<2>      |         7.910(R)|      SLOW  |         4.420(R)|      FAST  |clk_BUFGP         |   0.000|
Col<3>      |         8.021(R)|      SLOW  |         4.484(R)|      FAST  |clk_BUFGP         |   0.000|
anode       |         8.036(R)|      SLOW  |         4.523(R)|      FAST  |clk_BUFGP         |   0.000|
cathodes<0> |         8.574(R)|      SLOW  |         4.838(R)|      FAST  |clk_BUFGP         |   0.000|
cathodes<1> |         8.991(R)|      SLOW  |         5.094(R)|      FAST  |clk_BUFGP         |   0.000|
cathodes<2> |         9.078(R)|      SLOW  |         5.096(R)|      FAST  |clk_BUFGP         |   0.000|
cathodes<3> |         9.228(R)|      SLOW  |         5.231(R)|      FAST  |clk_BUFGP         |   0.000|
cathodes<4> |         8.121(R)|      SLOW  |         4.536(R)|      FAST  |clk_BUFGP         |   0.000|
cathodes<5> |         8.209(R)|      SLOW  |         4.585(R)|      FAST  |clk_BUFGP         |   0.000|
cathodes<6> |         8.768(R)|      SLOW  |         4.929(R)|      FAST  |clk_BUFGP         |   0.000|
------------+-----------------+------------+-----------------+------------+------------------+--------+

Clock to Setup on destination clock clk
---------------+---------+---------+---------+---------+
               | Src:Rise| Src:Fall| Src:Rise| Src:Fall|
Source Clock   |Dest:Rise|Dest:Rise|Dest:Fall|Dest:Fall|
---------------+---------+---------+---------+---------+
clk            |    4.941|         |         |         |
---------------+---------+---------+---------+---------+


Analysis completed Wed May 24 11:49:22 2017 
--------------------------------------------------------------------------------

Trace Settings:
-------------------------
Trace Settings 

Peak Memory Usage: 218 MB



