Running: C:\Xilinx\14.6\ISE_DS\ISE\bin\nt64\unwrapped\fuse.exe -intstyle ise -incremental -lib unisims_ver -lib unimacro_ver -lib xilinxcorelib_ver -lib secureip -o C:/Users/152/cs64/lab2/lab2/compression_tb_isim_beh.exe -prj C:/Users/152/cs64/lab2/lab2/compression_tb_beh.prj work.compression_tb work.glbl 
ISim P.68d (signature 0x7708f090)
Number of CPUs detected in this system: 2
Turning on mult-threading, number of parallel sub-compilation jobs: 4 
Determining compilation order of HDL files
Analyzing Verilog file "C:/Users/152/cs64/lab2/lab2/twos_to_sign.v" into library work
Analyzing Verilog file "C:/Users/152/cs64/lab2/lab2/rounder.v" into library work
Analyzing Verilog file "C:/Users/152/cs64/lab2/lab2/count_leading_zeros.v" into library work
Analyzing Verilog file "C:/Users/152/cs64/lab2/lab2/compression.v" into library work
Analyzing Verilog file "C:/Users/152/cs64/lab2/lab2/compression_tb.v" into library work
Analyzing Verilog file "C:/Xilinx/14.6/ISE_DS/ISE//verilog/src/glbl.v" into library work
Starting static elaboration
Completed static elaboration
Compiling module twos_to_sign
Compiling module count_and_extract
Compiling module rounder
Compiling module compression
Compiling module compression_tb
Compiling module glbl
Time Resolution for simulation is 1ps.
Waiting for 3 sub-compilation(s) to finish...
Compiled 6 Verilog Units
Built simulation executable C:/Users/152/cs64/lab2/lab2/compression_tb_isim_beh.exe
Fuse Memory Usage: 27016 KB
Fuse CPU Usage: 529 ms
